2022-05-12 09:56:57.688  INFO 20968 --- [main] com.hqz.wow.WowApplication               : Starting WowApplication using Java 1.8.0_301 on LAPTOP-A1I81GQB with PID 20968 (D:\Projects\Java\DB_PROJECT\wow\target\classes started by ryan2 in D:\Projects\Java\DB_PROJECT\wow)
2022-05-12 09:56:57.692  INFO 20968 --- [main] com.hqz.wow.WowApplication               : No active profile set, falling back to 1 default profile: "default"
2022-05-12 09:56:58.393  INFO 20968 --- [main] o.s.b.w.embedded.tomcat.TomcatWebServer  : Tomcat initialized with port(s): 8080 (http)
2022-05-12 09:56:58.398  INFO 20968 --- [main] o.apache.catalina.core.StandardService   : Starting service [Tomcat]
2022-05-12 09:56:58.398  INFO 20968 --- [main] org.apache.catalina.core.StandardEngine  : Starting Servlet engine: [Apache Tomcat/9.0.60]
2022-05-12 09:56:58.474  INFO 20968 --- [main] o.a.c.c.C.[Tomcat].[localhost].[/]       : Initializing Spring embedded WebApplicationContext
2022-05-12 09:56:58.474  INFO 20968 --- [main] w.s.c.ServletWebServerApplicationContext : Root WebApplicationContext: initialization completed in 757 ms
2022-05-12 09:56:59.393  WARN 20968 --- [main] o.s.s.c.a.web.builders.WebSecurity       : You are asking Spring Security to ignore Ant [pattern='/css/**']. This is not recommended -- please use permitAll via HttpSecurity#authorizeHttpRequests instead.
2022-05-12 09:56:59.393  INFO 20968 --- [main] o.s.s.web.DefaultSecurityFilterChain     : Will secure Ant [pattern='/css/**'] with []
2022-05-12 09:56:59.393  WARN 20968 --- [main] o.s.s.c.a.web.builders.WebSecurity       : You are asking Spring Security to ignore Ant [pattern='/images/**']. This is not recommended -- please use permitAll via HttpSecurity#authorizeHttpRequests instead.
2022-05-12 09:56:59.393  INFO 20968 --- [main] o.s.s.web.DefaultSecurityFilterChain     : Will secure Ant [pattern='/images/**'] with []
2022-05-12 09:56:59.393  WARN 20968 --- [main] o.s.s.c.a.web.builders.WebSecurity       : You are asking Spring Security to ignore Ant [pattern='/js/**']. This is not recommended -- please use permitAll via HttpSecurity#authorizeHttpRequests instead.
2022-05-12 09:56:59.393  INFO 20968 --- [main] o.s.s.web.DefaultSecurityFilterChain     : Will secure Ant [pattern='/js/**'] with []
2022-05-12 09:56:59.393  WARN 20968 --- [main] o.s.s.c.a.web.builders.WebSecurity       : You are asking Spring Security to ignore Ant [pattern='/plugins/**']. This is not recommended -- please use permitAll via HttpSecurity#authorizeHttpRequests instead.
2022-05-12 09:56:59.393  INFO 20968 --- [main] o.s.s.web.DefaultSecurityFilterChain     : Will secure Ant [pattern='/plugins/**'] with []
2022-05-12 09:56:59.414  INFO 20968 --- [main] o.s.s.web.DefaultSecurityFilterChain     : Will not secure any request
2022-05-12 09:56:59.536  INFO 20968 --- [main] o.s.b.a.w.s.WelcomePageHandlerMapping    : Adding welcome page template: index
2022-05-12 09:56:59.649  INFO 20968 --- [main] o.s.b.w.embedded.tomcat.TomcatWebServer  : Tomcat started on port(s): 8080 (http) with context path ''
2022-05-12 09:56:59.657  INFO 20968 --- [main] com.hqz.wow.WowApplication               : Started WowApplication in 2.235 seconds (JVM running for 2.905)
2022-05-12 09:56:59.748  INFO 20968 --- [http-nio-8080-exec-1] o.a.c.c.C.[Tomcat].[localhost].[/]       : Initializing Spring DispatcherServlet 'dispatcherServlet'
2022-05-12 09:56:59.748  INFO 20968 --- [http-nio-8080-exec-1] o.s.web.servlet.DispatcherServlet        : Initializing Servlet 'dispatcherServlet'
2022-05-12 09:56:59.749  INFO 20968 --- [http-nio-8080-exec-1] o.s.web.servlet.DispatcherServlet        : Completed initialization in 1 ms
2022-05-12 09:57:02.440  INFO 20968 --- [http-nio-8080-exec-3] com.zaxxer.hikari.HikariDataSource       : HikariPool-1 - Starting...
2022-05-12 09:57:04.234  INFO 20968 --- [http-nio-8080-exec-3] com.zaxxer.hikari.HikariDataSource       : HikariPool-1 - Start completed.
